[INFO] Scanning for projects...
[INFO]                                                                         
[INFO] ------------------------------------------------------------------------
[INFO] Building vtable code generation 1.0
[INFO] ------------------------------------------------------------------------
[INFO] 
[INFO] --- maven-enforcer-plugin:1.2:enforce (enforce-maven) @ vtable ---
[INFO] 
[INFO] --- antlr4-maven-plugin:4.6:antlr4 (antlr) @ vtable ---
[INFO] ANTLR 4: Processing source directory /Users/parrt/grading/cs652/S17/vtable-nehabandal/grammars
[INFO] Processing grammar: cs652/j/parser/J.g4
[INFO] 
[INFO] --- maven-resources-plugin:2.6:resources (default-resources) @ vtable ---
[INFO] Using 'UTF-8' encoding to copy filtered resources.
[INFO] Copying 131 resources
[INFO] 
[INFO] --- maven-compiler-plugin:3.1:compile (default-compile) @ vtable ---
[INFO] Changes detected - recompiling the module!
[INFO] Compiling 45 source files to /Users/parrt/grading/cs652/S17/vtable-nehabandal/target/classes
[WARNING] /Users/parrt/grading/cs652/S17/vtable-nehabandal/src/cs652/j/codegen/CodeGenerator.java: /Users/parrt/grading/cs652/S17/vtable-nehabandal/src/cs652/j/codegen/CodeGenerator.java uses unchecked or unsafe operations.
[WARNING] /Users/parrt/grading/cs652/S17/vtable-nehabandal/src/cs652/j/codegen/CodeGenerator.java: Recompile with -Xlint:unchecked for details.
[INFO] 
[INFO] --- maven-resources-plugin:2.6:testResources (default-testResources) @ vtable ---
[INFO] Using 'UTF-8' encoding to copy filtered resources.
[INFO] skip non existing resourceDirectory /Users/parrt/grading/cs652/S17/vtable-nehabandal/src/test/resources
[INFO] 
[INFO] --- maven-compiler-plugin:3.1:testCompile (default-testCompile) @ vtable ---
[INFO] Changes detected - recompiling the module!
[INFO] Compiling 4 source files to /Users/parrt/grading/cs652/S17/vtable-nehabandal/target/test-classes
[INFO] 
[INFO] --- maven-surefire-plugin:2.12.4:test (default-test) @ vtable ---
[INFO] Surefire report directory: /Users/parrt/grading/cs652/S17/vtable-nehabandal/target/surefire-reports

-------------------------------------------------------
 T E S T S
-------------------------------------------------------
Running cs652.j.TestCGen
Working dir: /var/folders/93/9kzk2ccm8xj8k70059b28jk80000gp/T/junit8729156544380425156
mismatch in template MethodDef between arguments and @ModelElement fields: [args, funcName, body, returnType]!=[body, args, returnType]
mismatch in template VarRef between arguments and @ModelElement fields: []!=[type]
mismatch in template VarRef between arguments and @ModelElement fields: []!=[type]
mismatch in template VarDef between arguments and @ModelElement fields: [type]!=[type, name]
mismatch in template VarDef between arguments and @ModelElement fields: [type]!=[type, name]
mismatch in template VarDef between arguments and @ModelElement fields: [type]!=[type, name]
no model to template mapping for MethodDefVTableInfo
mismatch in template VarDef between arguments and @ModelElement fields: [type]!=[type, name]
mismatch in template VarRef between arguments and @ModelElement fields: []!=[type]
mismatch in template CtorCall between arguments and @ModelElement fields: []!=[type]
mismatch in template MethodCall between arguments and @ModelElement fields: [fptrType, args, receiver, receiverType]!=[args, receiverType, receiver, fptrType, type]
mismatch in template VarRef between arguments and @ModelElement fields: []!=[type]
mismatch in template LiteralRef between arguments and @ModelElement fields: []!=[type]
mismatch in template LiteralRef between arguments and @ModelElement fields: []!=[type]
mismatch in template VarRef between arguments and @ModelElement fields: []!=[type]
mismatch in template MethodDef between arguments and @ModelElement fields: [args, funcName, body, returnType]!=[body, args, returnType]
mismatch in template VarRef between arguments and @ModelElement fields: []!=[type]
mismatch in template VarRef between arguments and @ModelElement fields: []!=[type]
mismatch in template VarDef between arguments and @ModelElement fields: [type]!=[type, name]
mismatch in template VarDef between arguments and @ModelElement fields: [type]!=[type, name]
mismatch in template VarDef between arguments and @ModelElement fields: [type]!=[type, name]
no model to template mapping for MethodDefVTableInfo
mismatch in template VarDef between arguments and @ModelElement fields: [type]!=[type, name]
mismatch in template VarRef between arguments and @ModelElement fields: []!=[type]
mismatch in template CtorCall between arguments and @ModelElement fields: []!=[type]
mismatch in template MethodCall between arguments and @ModelElement fields: [fptrType, args, receiver, receiverType]!=[args, receiverType, receiver, fptrType, type]
mismatch in template VarRef between arguments and @ModelElement fields: []!=[type]
mismatch in template LiteralRef between arguments and @ModelElement fields: []!=[type]
mismatch in template LiteralRef between arguments and @ModelElement fields: []!=[type]
mismatch in template VarRef between arguments and @ModelElement fields: []!=[type]
mismatch in template VarDef between arguments and @ModelElement fields: [type]!=[type, name]
mismatch in template VarRef between arguments and @ModelElement fields: []!=[type]
mismatch in template LiteralRef between arguments and @ModelElement fields: []!=[type]
mismatch in template VarRef between arguments and @ModelElement fields: []!=[type]
mismatch in template VarDef between arguments and @ModelElement fields: [type]!=[type, name]
mismatch in template VarRef between arguments and @ModelElement fields: []!=[type]
mismatch in template LiteralRef between arguments and @ModelElement fields: []!=[type]
mismatch in template VarRef between arguments and @ModelElement fields: []!=[type]
mismatch in template MethodDef between arguments and @ModelElement fields: [args, funcName, body, returnType]!=[body, args, returnType]
mismatch in template LiteralRef between arguments and @ModelElement fields: []!=[type]
mismatch in template VarDef between arguments and @ModelElement fields: [type]!=[type, name]
no model to template mapping for MethodDefVTableInfo
mismatch in template VarDef between arguments and @ModelElement fields: [type]!=[type, name]
mismatch in template VarDef between arguments and @ModelElement fields: [type]!=[type, name]
mismatch in template VarRef between arguments and @ModelElement fields: []!=[type]
mismatch in template CtorCall between arguments and @ModelElement fields: []!=[type]
mismatch in template VarRef between arguments and @ModelElement fields: []!=[type]
mismatch in template MethodCall between arguments and @ModelElement fields: [fptrType, args, receiver, receiverType]!=[args, receiverType, receiver, fptrType, type]
mismatch in template VarRef between arguments and @ModelElement fields: []!=[type]
mismatch in template VarRef between arguments and @ModelElement fields: []!=[type]
mismatch in template VarRef between arguments and @ModelElement fields: []!=[type]
mismatch in template MethodDef between arguments and @ModelElement fields: [args, funcName, body, returnType]!=[body, args, returnType]
mismatch in template LiteralRef between arguments and @ModelElement fields: []!=[type]
mismatch in template VarDef between arguments and @ModelElement fields: [type]!=[type, name]
no model to template mapping for MethodDefVTableInfo
mismatch in template VarDef between arguments and @ModelElement fields: [type]!=[type, name]
mismatch in template VarDef between arguments and @ModelElement fields: [type]!=[type, name]
mismatch in template VarRef between arguments and @ModelElement fields: []!=[type]
mismatch in template CtorCall between arguments and @ModelElement fields: []!=[type]
mismatch in template VarRef between arguments and @ModelElement fields: []!=[type]
mismatch in template MethodCall between arguments and @ModelElement fields: [fptrType, args, receiver, receiverType]!=[args, receiverType, receiver, fptrType, type]
mismatch in template VarRef between arguments and @ModelElement fields: []!=[type]
mismatch in template VarRef between arguments and @ModelElement fields: []!=[type]
mismatch in template VarRef between arguments and @ModelElement fields: []!=[type]
<Employee.number:global.int>
<Mgr.level:global.int>
<Mgr.other:global.Employee>
<Coder.boss:global.Mgr>
mismatch in template MethodDef between arguments and @ModelElement fields: [args, funcName, body, returnType]!=[body, args, returnType]
mismatch in template LiteralRef between arguments and @ModelElement fields: []!=[type]
mismatch in template VarDef between arguments and @ModelElement fields: [type]!=[type, name]
mismatch in template MethodDef between arguments and @ModelElement fields: [args, funcName, body, returnType]!=[body, args, returnType]
mismatch in template MethodCall between arguments and @ModelElement fields: [fptrType, args, receiver, receiverType]!=[args, receiverType, receiver, fptrType, type]
mismatch in template ThisRef between arguments and @ModelElement fields: []!=[type]
mismatch in template ThisRef between arguments and @ModelElement fields: []!=[type]
mismatch in template LiteralRef between arguments and @ModelElement fields: []!=[type]
mismatch in template VarDef between arguments and @ModelElement fields: [type]!=[type, name]
mismatch in template VarDef between arguments and @ModelElement fields: [type]!=[type, name]
no model to template mapping for MethodDefVTableInfo
no model to template mapping for MethodDefVTableInfo
mismatch in template VarDef between arguments and @ModelElement fields: [type]!=[type, name]
mismatch in template VarDef between arguments and @ModelElement fields: [type]!=[type, name]
mismatch in template VarDef between arguments and @ModelElement fields: [type]!=[type, name]
no model to template mapping for MethodDefVTableInfo
no model to template mapping for MethodDefVTableInfo
mismatch in template VarDef between arguments and @ModelElement fields: [type]!=[type, name]
mismatch in template VarDef between arguments and @ModelElement fields: [type]!=[type, name]
no model to template mapping for MethodDefVTableInfo
no model to template mapping for MethodDefVTableInfo
mismatch in template MethodDef between arguments and @ModelElement fields: [args, funcName, body, returnType]!=[body, args, returnType]
mismatch in template VarDef between arguments and @ModelElement fields: [type]!=[type, name]
mismatch in template VarRef between arguments and @ModelElement fields: []!=[type]
mismatch in template CtorCall between arguments and @ModelElement fields: []!=[type]
mismatch in template FieldRef between arguments and @ModelElement fields: [object]!=[object, type]
mismatch in template VarRef between arguments and @ModelElement fields: []!=[type]
mismatch in template CtorCall between arguments and @ModelElement fields: []!=[type]
mismatch in template FieldRef between arguments and @ModelElement fields: [object]!=[object, type]
mismatch in template FieldRef between arguments and @ModelElement fields: [object]!=[object, type]
mismatch in template VarRef between arguments and @ModelElement fields: []!=[type]
mismatch in template CtorCall between arguments and @ModelElement fields: []!=[type]
mismatch in template VarRef between arguments and @ModelElement fields: []!=[type]
mismatch in template VarDef between arguments and @ModelElement fields: [type]!=[type, name]
mismatch in template VarDef between arguments and @ModelElement fields: [type]!=[type, name]
mismatch in template VarDef between arguments and @ModelElement fields: [type]!=[type, name]
no model to template mapping for MethodDefVTableInfo
no model to template mapping for MethodDefVTableInfo
no model to template mapping for MethodDefVTableInfo
mismatch in template VarDef between arguments and @ModelElement fields: [type]!=[type, name]
mismatch in template VarRef between arguments and @ModelElement fields: []!=[type]
mismatch in template CtorCall between arguments and @ModelElement fields: []!=[type]
mismatch in template FieldRef between arguments and @ModelElement fields: [object]!=[object, type]
mismatch in template VarRef between arguments and @ModelElement fields: []!=[type]
mismatch in template CtorCall between arguments and @ModelElement fields: []!=[type]
mismatch in template FieldRef between arguments and @ModelElement fields: [object]!=[object, type]
mismatch in template FieldRef between arguments and @ModelElement fields: [object]!=[object, type]
mismatch in template VarRef between arguments and @ModelElement fields: []!=[type]
mismatch in template CtorCall between arguments and @ModelElement fields: []!=[type]
mismatch in template FieldRef between arguments and @ModelElement fields: [object]!=[object, type]
mismatch in template FieldRef between arguments and @ModelElement fields: [object]!=[object, type]
mismatch in template FieldRef between arguments and @ModelElement fields: [object]!=[object, type]
mismatch in template VarRef between arguments and @ModelElement fields: []!=[type]
mismatch in template MethodCall between arguments and @ModelElement fields: [fptrType, args, receiver, receiverType]!=[args, receiverType, receiver, fptrType, type]
mismatch in template FieldRef between arguments and @ModelElement fields: [object]!=[object, type]
mismatch in template FieldRef between arguments and @ModelElement fields: [object]!=[object, type]
mismatch in template MethodCall between arguments and @ModelElement fields: [fptrType, args, receiver, receiverType]!=[args, receiverType, receiver, fptrType, type]
mismatch in template VarRef between arguments and @ModelElement fields: []!=[type]
mismatch in template VarRef between arguments and @ModelElement fields: []!=[type]
mismatch in template FieldRef between arguments and @ModelElement fields: [object]!=[object, type]
mismatch in template FieldRef between arguments and @ModelElement fields: [object]!=[object, type]
mismatch in template MethodCall between arguments and @ModelElement fields: [fptrType, args, receiver, receiverType]!=[args, receiverType, receiver, fptrType, type]
mismatch in template VarRef between arguments and @ModelElement fields: []!=[type]
mismatch in template VarRef between arguments and @ModelElement fields: []!=[type]
mismatch in template FieldRef between arguments and @ModelElement fields: [object]!=[object, type]
mismatch in template FieldRef between arguments and @ModelElement fields: [object]!=[object, type]
mismatch in template FieldRef between arguments and @ModelElement fields: [object]!=[object, type]
mismatch in template VarRef between arguments and @ModelElement fields: []!=[type]
mismatch in template MethodCall between arguments and @ModelElement fields: [fptrType, args, receiver, receiverType]!=[args, receiverType, receiver, fptrType, type]
mismatch in template FieldRef between arguments and @ModelElement fields: [object]!=[object, type]
mismatch in template VarRef between arguments and @ModelElement fields: []!=[type]
mismatch in template FieldRef between arguments and @ModelElement fields: [object]!=[object, type]
mismatch in template VarRef between arguments and @ModelElement fields: []!=[type]
mismatch in template MethodCall between arguments and @ModelElement fields: [fptrType, args, receiver, receiverType]!=[args, receiverType, receiver, fptrType, type]
mismatch in template FieldRef between arguments and @ModelElement fields: [object]!=[object, type]
mismatch in template VarRef between arguments and @ModelElement fields: []!=[type]
mismatch in template FieldRef between arguments and @ModelElement fields: [object]!=[object, type]
mismatch in template VarRef between arguments and @ModelElement fields: []!=[type]
<Employee.number:global.int>
<Mgr.level:global.int>
<Mgr.other:global.Employee>
<Coder.boss:global.Mgr>
mismatch in template MethodDef between arguments and @ModelElement fields: [args, funcName, body, returnType]!=[body, args, returnType]
mismatch in template LiteralRef between arguments and @ModelElement fields: []!=[type]
mismatch in template VarDef between arguments and @ModelElement fields: [type]!=[type, name]
mismatch in template MethodDef between arguments and @ModelElement fields: [args, funcName, body, returnType]!=[body, args, returnType]
mismatch in template MethodCall between arguments and @ModelElement fields: [fptrType, args, receiver, receiverType]!=[args, receiverType, receiver, fptrType, type]
mismatch in template ThisRef between arguments and @ModelElement fields: []!=[type]
mismatch in template ThisRef between arguments and @ModelElement fields: []!=[type]
mismatch in template LiteralRef between arguments and @ModelElement fields: []!=[type]
mismatch in template VarDef between arguments and @ModelElement fields: [type]!=[type, name]
mismatch in template VarDef between arguments and @ModelElement fields: [type]!=[type, name]
no model to template mapping for MethodDefVTableInfo
no model to template mapping for MethodDefVTableInfo
mismatch in template VarDef between arguments and @ModelElement fields: [type]!=[type, name]
mismatch in template VarDef between arguments and @ModelElement fields: [type]!=[type, name]
mismatch in template VarDef between arguments and @ModelElement fields: [type]!=[type, name]
no model to template mapping for MethodDefVTableInfo
no model to template mapping for MethodDefVTableInfo
mismatch in template VarDef between arguments and @ModelElement fields: [type]!=[type, name]
mismatch in template VarDef between arguments and @ModelElement fields: [type]!=[type, name]
no model to template mapping for MethodDefVTableInfo
no model to template mapping for MethodDefVTableInfo
mismatch in template MethodDef between arguments and @ModelElement fields: [args, funcName, body, returnType]!=[body, args, returnType]
mismatch in template VarDef between arguments and @ModelElement fields: [type]!=[type, name]
mismatch in template VarRef between arguments and @ModelElement fields: []!=[type]
mismatch in template CtorCall between arguments and @ModelElement fields: []!=[type]
mismatch in template FieldRef between arguments and @ModelElement fields: [object]!=[object, type]
mismatch in template VarRef between arguments and @ModelElement fields: []!=[type]
mismatch in template CtorCall between arguments and @ModelElement fields: []!=[type]
mismatch in template FieldRef between arguments and @ModelElement fields: [object]!=[object, type]
mismatch in template FieldRef between arguments and @ModelElement fields: [object]!=[object, type]
mismatch in template VarRef between arguments and @ModelElement fields: []!=[type]
mismatch in template CtorCall between arguments and @ModelElement fields: []!=[type]
mismatch in template VarRef between arguments and @ModelElement fields: []!=[type]
mismatch in template VarDef between arguments and @ModelElement fields: [type]!=[type, name]
mismatch in template VarDef between arguments and @ModelElement fields: [type]!=[type, name]
mismatch in template VarDef between arguments and @ModelElement fields: [type]!=[type, name]
no model to template mapping for MethodDefVTableInfo
no model to template mapping for MethodDefVTableInfo
no model to template mapping for MethodDefVTableInfo
mismatch in template VarDef between arguments and @ModelElement fields: [type]!=[type, name]
mismatch in template VarRef between arguments and @ModelElement fields: []!=[type]
mismatch in template CtorCall between arguments and @ModelElement fields: []!=[type]
mismatch in template FieldRef between arguments and @ModelElement fields: [object]!=[object, type]
mismatch in template VarRef between arguments and @ModelElement fields: []!=[type]
mismatch in template CtorCall between arguments and @ModelElement fields: []!=[type]
mismatch in template FieldRef between arguments and @ModelElement fields: [object]!=[object, type]
mismatch in template FieldRef between arguments and @ModelElement fields: [object]!=[object, type]
mismatch in template VarRef between arguments and @ModelElement fields: []!=[type]
mismatch in template CtorCall between arguments and @ModelElement fields: []!=[type]
mismatch in template FieldRef between arguments and @ModelElement fields: [object]!=[object, type]
mismatch in template FieldRef between arguments and @ModelElement fields: [object]!=[object, type]
mismatch in template FieldRef between arguments and @ModelElement fields: [object]!=[object, type]
mismatch in template VarRef between arguments and @ModelElement fields: []!=[type]
mismatch in template MethodCall between arguments and @ModelElement fields: [fptrType, args, receiver, receiverType]!=[args, receiverType, receiver, fptrType, type]
mismatch in template FieldRef between arguments and @ModelElement fields: [object]!=[object, type]
mismatch in template FieldRef between arguments and @ModelElement fields: [object]!=[object, type]
mismatch in template MethodCall between arguments and @ModelElement fields: [fptrType, args, receiver, receiverType]!=[args, receiverType, receiver, fptrType, type]
mismatch in template VarRef between arguments and @ModelElement fields: []!=[type]
mismatch in template VarRef between arguments and @ModelElement fields: []!=[type]
mismatch in template FieldRef between arguments and @ModelElement fields: [object]!=[object, type]
mismatch in template FieldRef between arguments and @ModelElement fields: [object]!=[object, type]
mismatch in template MethodCall between arguments and @ModelElement fields: [fptrType, args, receiver, receiverType]!=[args, receiverType, receiver, fptrType, type]
mismatch in template VarRef between arguments and @ModelElement fields: []!=[type]
mismatch in template VarRef between arguments and @ModelElement fields: []!=[type]
mismatch in template FieldRef between arguments and @ModelElement fields: [object]!=[object, type]
mismatch in template FieldRef between arguments and @ModelElement fields: [object]!=[object, type]
mismatch in template FieldRef between arguments and @ModelElement fields: [object]!=[object, type]
mismatch in template VarRef between arguments and @ModelElement fields: []!=[type]
mismatch in template MethodCall between arguments and @ModelElement fields: [fptrType, args, receiver, receiverType]!=[args, receiverType, receiver, fptrType, type]
mismatch in template FieldRef between arguments and @ModelElement fields: [object]!=[object, type]
mismatch in template VarRef between arguments and @ModelElement fields: []!=[type]
mismatch in template FieldRef between arguments and @ModelElement fields: [object]!=[object, type]
mismatch in template VarRef between arguments and @ModelElement fields: []!=[type]
mismatch in template MethodCall between arguments and @ModelElement fields: [fptrType, args, receiver, receiverType]!=[args, receiverType, receiver, fptrType, type]
mismatch in template FieldRef between arguments and @ModelElement fields: [object]!=[object, type]
mismatch in template VarRef between arguments and @ModelElement fields: []!=[type]
mismatch in template FieldRef between arguments and @ModelElement fields: [object]!=[object, type]
mismatch in template VarRef between arguments and @ModelElement fields: []!=[type]
<T.x:global.int>
<T.y:global.float>
mismatch in template MethodDef between arguments and @ModelElement fields: [args, funcName, body, returnType]!=[body, args, returnType]
mismatch in template FieldRef between arguments and @ModelElement fields: [object]!=[object, type]
mismatch in template ThisRef between arguments and @ModelElement fields: []!=[type]
mismatch in template FieldRef between arguments and @ModelElement fields: [object]!=[object, type]
mismatch in template ThisRef between arguments and @ModelElement fields: []!=[type]
mismatch in template VarDef between arguments and @ModelElement fields: [type]!=[type, name]
mismatch in template VarDef between arguments and @ModelElement fields: [type]!=[type, name]
mismatch in template VarDef between arguments and @ModelElement fields: [type]!=[type, name]
no model to template mapping for MethodDefVTableInfo
mismatch in template VarDef between arguments and @ModelElement fields: [type]!=[type, name]
mismatch in template VarRef between arguments and @ModelElement fields: []!=[type]
mismatch in template CtorCall between arguments and @ModelElement fields: []!=[type]
mismatch in template FieldRef between arguments and @ModelElement fields: [object]!=[object, type]
mismatch in template VarRef between arguments and @ModelElement fields: []!=[type]
mismatch in template LiteralRef between arguments and @ModelElement fields: []!=[type]
mismatch in template FieldRef between arguments and @ModelElement fields: [object]!=[object, type]
mismatch in template VarRef between arguments and @ModelElement fields: []!=[type]
mismatch in template LiteralRef between arguments and @ModelElement fields: []!=[type]
mismatch in template MethodCall between arguments and @ModelElement fields: [fptrType, args, receiver, receiverType]!=[args, receiverType, receiver, fptrType, type]
mismatch in template VarRef between arguments and @ModelElement fields: []!=[type]
mismatch in template VarRef between arguments and @ModelElement fields: []!=[type]
<T.x:global.int>
<T.y:global.float>
mismatch in template MethodDef between arguments and @ModelElement fields: [args, funcName, body, returnType]!=[body, args, returnType]
mismatch in template FieldRef between arguments and @ModelElement fields: [object]!=[object, type]
mismatch in template ThisRef between arguments and @ModelElement fields: []!=[type]
mismatch in template FieldRef between arguments and @ModelElement fields: [object]!=[object, type]
mismatch in template ThisRef between arguments and @ModelElement fields: []!=[type]
mismatch in template VarDef between arguments and @ModelElement fields: [type]!=[type, name]
mismatch in template VarDef between arguments and @ModelElement fields: [type]!=[type, name]
mismatch in template VarDef between arguments and @ModelElement fields: [type]!=[type, name]
no model to template mapping for MethodDefVTableInfo
mismatch in template VarDef between arguments and @ModelElement fields: [type]!=[type, name]
mismatch in template VarRef between arguments and @ModelElement fields: []!=[type]
mismatch in template CtorCall between arguments and @ModelElement fields: []!=[type]
mismatch in template FieldRef between arguments and @ModelElement fields: [object]!=[object, type]
mismatch in template VarRef between arguments and @ModelElement fields: []!=[type]
mismatch in template LiteralRef between arguments and @ModelElement fields: []!=[type]
mismatch in template FieldRef between arguments and @ModelElement fields: [object]!=[object, type]
mismatch in template VarRef between arguments and @ModelElement fields: []!=[type]
mismatch in template LiteralRef between arguments and @ModelElement fields: []!=[type]
mismatch in template MethodCall between arguments and @ModelElement fields: [fptrType, args, receiver, receiverType]!=[args, receiverType, receiver, fptrType, type]
mismatch in template VarRef between arguments and @ModelElement fields: []!=[type]
mismatch in template VarRef between arguments and @ModelElement fields: []!=[type]
<T.x:global.int>
<T.y:global.float>
mismatch in template VarDef between arguments and @ModelElement fields: [type]!=[type, name]
mismatch in template VarDef between arguments and @ModelElement fields: [type]!=[type, name]
mismatch in template VarDef between arguments and @ModelElement fields: [type]!=[type, name]
mismatch in template VarRef between arguments and @ModelElement fields: []!=[type]
mismatch in template CtorCall between arguments and @ModelElement fields: []!=[type]
mismatch in template FieldRef between arguments and @ModelElement fields: [object]!=[object, type]
mismatch in template VarRef between arguments and @ModelElement fields: []!=[type]
mismatch in template LiteralRef between arguments and @ModelElement fields: []!=[type]
mismatch in template FieldRef between arguments and @ModelElement fields: [object]!=[object, type]
mismatch in template VarRef between arguments and @ModelElement fields: []!=[type]
mismatch in template LiteralRef between arguments and @ModelElement fields: []!=[type]
mismatch in template FieldRef between arguments and @ModelElement fields: [object]!=[object, type]
mismatch in template VarRef between arguments and @ModelElement fields: []!=[type]
mismatch in template FieldRef between arguments and @ModelElement fields: [object]!=[object, type]
mismatch in template VarRef between arguments and @ModelElement fields: []!=[type]
<T.x:global.int>
<T.y:global.float>
mismatch in template VarDef between arguments and @ModelElement fields: [type]!=[type, name]
mismatch in template VarDef between arguments and @ModelElement fields: [type]!=[type, name]
mismatch in template VarDef between arguments and @ModelElement fields: [type]!=[type, name]
mismatch in template VarRef between arguments and @ModelElement fields: []!=[type]
mismatch in template CtorCall between arguments and @ModelElement fields: []!=[type]
mismatch in template FieldRef between arguments and @ModelElement fields: [object]!=[object, type]
mismatch in template VarRef between arguments and @ModelElement fields: []!=[type]
mismatch in template LiteralRef between arguments and @ModelElement fields: []!=[type]
mismatch in template FieldRef between arguments and @ModelElement fields: [object]!=[object, type]
mismatch in template VarRef between arguments and @ModelElement fields: []!=[type]
mismatch in template LiteralRef between arguments and @ModelElement fields: []!=[type]
mismatch in template FieldRef between arguments and @ModelElement fields: [object]!=[object, type]
mismatch in template VarRef between arguments and @ModelElement fields: []!=[type]
mismatch in template FieldRef between arguments and @ModelElement fields: [object]!=[object, type]
mismatch in template VarRef between arguments and @ModelElement fields: []!=[type]
mismatch in template VarDef between arguments and @ModelElement fields: [type]!=[type, name]
mismatch in template VarRef between arguments and @ModelElement fields: []!=[type]
mismatch in template LiteralRef between arguments and @ModelElement fields: []!=[type]
mismatch in template VarRef between arguments and @ModelElement fields: []!=[type]
mismatch in template VarDef between arguments and @ModelElement fields: [type]!=[type, name]
mismatch in template VarRef between arguments and @ModelElement fields: []!=[type]
mismatch in template LiteralRef between arguments and @ModelElement fields: []!=[type]
mismatch in template VarRef between arguments and @ModelElement fields: []!=[type]
mismatch in template VarDef between arguments and @ModelElement fields: [type]!=[type, name]
mismatch in template VarRef between arguments and @ModelElement fields: []!=[type]
mismatch in template LiteralRef between arguments and @ModelElement fields: []!=[type]
mismatch in template VarRef between arguments and @ModelElement fields: []!=[type]
mismatch in template VarDef between arguments and @ModelElement fields: [type]!=[type, name]
mismatch in template VarRef between arguments and @ModelElement fields: []!=[type]
mismatch in template LiteralRef between arguments and @ModelElement fields: []!=[type]
mismatch in template VarRef between arguments and @ModelElement fields: []!=[type]
<Animal.ID:global.int>
mismatch in template MethodDef between arguments and @ModelElement fields: [args, funcName, body, returnType]!=[body, args, returnType]
mismatch in template FieldRef between arguments and @ModelElement fields: [object]!=[object, type]
mismatch in template ThisRef between arguments and @ModelElement fields: []!=[type]
mismatch in template VarDef between arguments and @ModelElement fields: [type]!=[type, name]
mismatch in template MethodDef between arguments and @ModelElement fields: [args, funcName, body, returnType]!=[body, args, returnType]
mismatch in template VarDef between arguments and @ModelElement fields: [type]!=[type, name]
mismatch in template VarDef between arguments and @ModelElement fields: [type]!=[type, name]
no model to template mapping for MethodDefVTableInfo
no model to template mapping for MethodDefVTableInfo
mismatch in template MethodDef between arguments and @ModelElement fields: [args, funcName, body, returnType]!=[body, args, returnType]
mismatch in template VarDef between arguments and @ModelElement fields: [type]!=[type, name]
mismatch in template VarDef between arguments and @ModelElement fields: [type]!=[type, name]
no model to template mapping for MethodDefVTableInfo
no model to template mapping for MethodDefVTableInfo
mismatch in template VarDef between arguments and @ModelElement fields: [type]!=[type, name]
mismatch in template VarDef between arguments and @ModelElement fields: [type]!=[type, name]
mismatch in template VarRef between arguments and @ModelElement fields: []!=[type]
mismatch in template CtorCall between arguments and @ModelElement fields: []!=[type]
mismatch in template MethodCall between arguments and @ModelElement fields: [fptrType, args, receiver, receiverType]!=[args, receiverType, receiver, fptrType, type]
mismatch in template VarRef between arguments and @ModelElement fields: []!=[type]
mismatch in template VarRef between arguments and @ModelElement fields: []!=[type]
mismatch in template FieldRef between arguments and @ModelElement fields: [object]!=[object, type]
mismatch in template VarRef between arguments and @ModelElement fields: []!=[type]
mismatch in template LiteralRef between arguments and @ModelElement fields: []!=[type]
mismatch in template MethodCall between arguments and @ModelElement fields: [fptrType, args, receiver, receiverType]!=[args, receiverType, receiver, fptrType, type]
mismatch in template VarRef between arguments and @ModelElement fields: []!=[type]
mismatch in template VarRef between arguments and @ModelElement fields: []!=[type]
mismatch in template VarRef between arguments and @ModelElement fields: []!=[type]
mismatch in template CtorCall between arguments and @ModelElement fields: []!=[type]
mismatch in template FieldRef between arguments and @ModelElement fields: [object]!=[object, type]
mismatch in template VarRef between arguments and @ModelElement fields: []!=[type]
mismatch in template LiteralRef between arguments and @ModelElement fields: []!=[type]
mismatch in template MethodCall between arguments and @ModelElement fields: [fptrType, args, receiver, receiverType]!=[args, receiverType, receiver, fptrType, type]
mismatch in template VarRef between arguments and @ModelElement fields: []!=[type]
mismatch in template VarRef between arguments and @ModelElement fields: []!=[type]
mismatch in template MethodCall between arguments and @ModelElement fields: [fptrType, args, receiver, receiverType]!=[args, receiverType, receiver, fptrType, type]
mismatch in template VarRef between arguments and @ModelElement fields: []!=[type]
mismatch in template VarRef between arguments and @ModelElement fields: []!=[type]
mismatch in template FieldRef between arguments and @ModelElement fields: [object]!=[object, type]
mismatch in template VarRef between arguments and @ModelElement fields: []!=[type]
<Animal.ID:global.int>
mismatch in template MethodDef between arguments and @ModelElement fields: [args, funcName, body, returnType]!=[body, args, returnType]
mismatch in template FieldRef between arguments and @ModelElement fields: [object]!=[object, type]
mismatch in template ThisRef between arguments and @ModelElement fields: []!=[type]
mismatch in template VarDef between arguments and @ModelElement fields: [type]!=[type, name]
mismatch in template MethodDef between arguments and @ModelElement fields: [args, funcName, body, returnType]!=[body, args, returnType]
mismatch in template VarDef between arguments and @ModelElement fields: [type]!=[type, name]
mismatch in template VarDef between arguments and @ModelElement fields: [type]!=[type, name]
no model to template mapping for MethodDefVTableInfo
no model to template mapping for MethodDefVTableInfo
mismatch in template MethodDef between arguments and @ModelElement fields: [args, funcName, body, returnType]!=[body, args, returnType]
mismatch in template VarDef between arguments and @ModelElement fields: [type]!=[type, name]
mismatch in template VarDef between arguments and @ModelElement fields: [type]!=[type, name]
no model to template mapping for MethodDefVTableInfo
no model to template mapping for MethodDefVTableInfo
mismatch in template VarDef between arguments and @ModelElement fields: [type]!=[type, name]
mismatch in template VarDef between arguments and @ModelElement fields: [type]!=[type, name]
mismatch in template VarRef between arguments and @ModelElement fields: []!=[type]
mismatch in template CtorCall between arguments and @ModelElement fields: []!=[type]
mismatch in template MethodCall between arguments and @ModelElement fields: [fptrType, args, receiver, receiverType]!=[args, receiverType, receiver, fptrType, type]
mismatch in template VarRef between arguments and @ModelElement fields: []!=[type]
mismatch in template VarRef between arguments and @ModelElement fields: []!=[type]
mismatch in template FieldRef between arguments and @ModelElement fields: [object]!=[object, type]
mismatch in template VarRef between arguments and @ModelElement fields: []!=[type]
mismatch in template LiteralRef between arguments and @ModelElement fields: []!=[type]
mismatch in template MethodCall between arguments and @ModelElement fields: [fptrType, args, receiver, receiverType]!=[args, receiverType, receiver, fptrType, type]
mismatch in template VarRef between arguments and @ModelElement fields: []!=[type]
mismatch in template VarRef between arguments and @ModelElement fields: []!=[type]
mismatch in template VarRef between arguments and @ModelElement fields: []!=[type]
mismatch in template CtorCall between arguments and @ModelElement fields: []!=[type]
mismatch in template FieldRef between arguments and @ModelElement fields: [object]!=[object, type]
mismatch in template VarRef between arguments and @ModelElement fields: []!=[type]
mismatch in template LiteralRef between arguments and @ModelElement fields: []!=[type]
mismatch in template MethodCall between arguments and @ModelElement fields: [fptrType, args, receiver, receiverType]!=[args, receiverType, receiver, fptrType, type]
mismatch in template VarRef between arguments and @ModelElement fields: []!=[type]
mismatch in template VarRef between arguments and @ModelElement fields: []!=[type]
mismatch in template MethodCall between arguments and @ModelElement fields: [fptrType, args, receiver, receiverType]!=[args, receiverType, receiver, fptrType, type]
mismatch in template VarRef between arguments and @ModelElement fields: []!=[type]
mismatch in template VarRef between arguments and @ModelElement fields: []!=[type]
mismatch in template FieldRef between arguments and @ModelElement fields: [object]!=[object, type]
mismatch in template VarRef between arguments and @ModelElement fields: []!=[type]
<Animal.ID:global.int>
mismatch in template VarDef between arguments and @ModelElement fields: [type]!=[type, name]
mismatch in template VarDef between arguments and @ModelElement fields: [type]!=[type, name]
mismatch in template VarDef between arguments and @ModelElement fields: [type]!=[type, name]
mismatch in template VarRef between arguments and @ModelElement fields: []!=[type]
mismatch in template CtorCall between arguments and @ModelElement fields: []!=[type]
mismatch in template FieldRef between arguments and @ModelElement fields: [object]!=[object, type]
mismatch in template VarRef between arguments and @ModelElement fields: []!=[type]
mismatch in template LiteralRef between arguments and @ModelElement fields: []!=[type]
mismatch in template FieldRef between arguments and @ModelElement fields: [object]!=[object, type]
mismatch in template VarRef between arguments and @ModelElement fields: []!=[type]
<Animal.ID:global.int>
mismatch in template VarDef between arguments and @ModelElement fields: [type]!=[type, name]
mismatch in template VarDef between arguments and @ModelElement fields: [type]!=[type, name]
mismatch in template VarDef between arguments and @ModelElement fields: [type]!=[type, name]
mismatch in template VarRef between arguments and @ModelElement fields: []!=[type]
mismatch in template CtorCall between arguments and @ModelElement fields: []!=[type]
mismatch in template FieldRef between arguments and @ModelElement fields: [object]!=[object, type]
mismatch in template VarRef between arguments and @ModelElement fields: []!=[type]
mismatch in template LiteralRef between arguments and @ModelElement fields: []!=[type]
mismatch in template FieldRef between arguments and @ModelElement fields: [object]!=[object, type]
mismatch in template VarRef between arguments and @ModelElement fields: []!=[type]
<Animal.ID:global.int>
mismatch in template VarDef between arguments and @ModelElement fields: [type]!=[type, name]
mismatch in template VarDef between arguments and @ModelElement fields: [type]!=[type, name]
mismatch in template VarDef between arguments and @ModelElement fields: [type]!=[type, name]
mismatch in template VarDef between arguments and @ModelElement fields: [type]!=[type, name]
mismatch in template VarRef between arguments and @ModelElement fields: []!=[type]
mismatch in template CtorCall between arguments and @ModelElement fields: []!=[type]
mismatch in template FieldRef between arguments and @ModelElement fields: [object]!=[object, type]
mismatch in template VarRef between arguments and @ModelElement fields: []!=[type]
mismatch in template LiteralRef between arguments and @ModelElement fields: []!=[type]
mismatch in template FieldRef between arguments and @ModelElement fields: [object]!=[object, type]
mismatch in template VarRef between arguments and @ModelElement fields: []!=[type]
<Animal.ID:global.int>
mismatch in template VarDef between arguments and @ModelElement fields: [type]!=[type, name]
mismatch in template VarDef between arguments and @ModelElement fields: [type]!=[type, name]
mismatch in template VarDef between arguments and @ModelElement fields: [type]!=[type, name]
mismatch in template VarDef between arguments and @ModelElement fields: [type]!=[type, name]
mismatch in template VarRef between arguments and @ModelElement fields: []!=[type]
mismatch in template CtorCall between arguments and @ModelElement fields: []!=[type]
mismatch in template FieldRef between arguments and @ModelElement fields: [object]!=[object, type]
mismatch in template VarRef between arguments and @ModelElement fields: []!=[type]
mismatch in template LiteralRef between arguments and @ModelElement fields: []!=[type]
mismatch in template FieldRef between arguments and @ModelElement fields: [object]!=[object, type]
mismatch in template VarRef between arguments and @ModelElement fields: []!=[type]
<Animal.ID:global.int>
mismatch in template VarDef between arguments and @ModelElement fields: [type]!=[type, name]
mismatch in template MethodDef between arguments and @ModelElement fields: [args, funcName, body, returnType]!=[body, args, returnType]
mismatch in template FieldRef between arguments and @ModelElement fields: [object]!=[object, type]
mismatch in template ThisRef between arguments and @ModelElement fields: []!=[type]
mismatch in template VarDef between arguments and @ModelElement fields: [type]!=[type, name]
mismatch in template MethodDef between arguments and @ModelElement fields: [args, funcName, body, returnType]!=[body, args, returnType]
mismatch in template FieldRef between arguments and @ModelElement fields: [object]!=[object, type]
mismatch in template ThisRef between arguments and @ModelElement fields: []!=[type]
mismatch in template VarDef between arguments and @ModelElement fields: [type]!=[type, name]
mismatch in template VarDef between arguments and @ModelElement fields: [type]!=[type, name]
no model to template mapping for MethodDefVTableInfo
no model to template mapping for MethodDefVTableInfo
mismatch in template VarDef between arguments and @ModelElement fields: [type]!=[type, name]
mismatch in template VarRef between arguments and @ModelElement fields: []!=[type]
mismatch in template CtorCall between arguments and @ModelElement fields: []!=[type]
mismatch in template FieldRef between arguments and @ModelElement fields: [object]!=[object, type]
mismatch in template VarRef between arguments and @ModelElement fields: []!=[type]
mismatch in template LiteralRef between arguments and @ModelElement fields: []!=[type]
mismatch in template MethodCall between arguments and @ModelElement fields: [fptrType, args, receiver, receiverType]!=[args, receiverType, receiver, fptrType, type]
mismatch in template VarRef between arguments and @ModelElement fields: []!=[type]
mismatch in template VarRef between arguments and @ModelElement fields: []!=[type]
mismatch in template MethodCall between arguments and @ModelElement fields: [fptrType, args, receiver, receiverType]!=[args, receiverType, receiver, fptrType, type]
mismatch in template VarRef between arguments and @ModelElement fields: []!=[type]
mismatch in template VarRef between arguments and @ModelElement fields: []!=[type]
<Animal.ID:global.int>
mismatch in template VarDef between arguments and @ModelElement fields: [type]!=[type, name]
mismatch in template MethodDef between arguments and @ModelElement fields: [args, funcName, body, returnType]!=[body, args, returnType]
mismatch in template FieldRef between arguments and @ModelElement fields: [object]!=[object, type]
mismatch in template ThisRef between arguments and @ModelElement fields: []!=[type]
mismatch in template VarDef between arguments and @ModelElement fields: [type]!=[type, name]
mismatch in template MethodDef between arguments and @ModelElement fields: [args, funcName, body, returnType]!=[body, args, returnType]
mismatch in template FieldRef between arguments and @ModelElement fields: [object]!=[object, type]
mismatch in template ThisRef between arguments and @ModelElement fields: []!=[type]
mismatch in template VarDef between arguments and @ModelElement fields: [type]!=[type, name]
mismatch in template VarDef between arguments and @ModelElement fields: [type]!=[type, name]
no model to template mapping for MethodDefVTableInfo
no model to template mapping for MethodDefVTableInfo
mismatch in template VarDef between arguments and @ModelElement fields: [type]!=[type, name]
mismatch in template VarRef between arguments and @ModelElement fields: []!=[type]
mismatch in template CtorCall between arguments and @ModelElement fields: []!=[type]
mismatch in template FieldRef between arguments and @ModelElement fields: [object]!=[object, type]
mismatch in template VarRef between arguments and @ModelElement fields: []!=[type]
mismatch in template LiteralRef between arguments and @ModelElement fields: []!=[type]
mismatch in template MethodCall between arguments and @ModelElement fields: [fptrType, args, receiver, receiverType]!=[args, receiverType, receiver, fptrType, type]
mismatch in template VarRef between arguments and @ModelElement fields: []!=[type]
mismatch in template VarRef between arguments and @ModelElement fields: []!=[type]
mismatch in template MethodCall between arguments and @ModelElement fields: [fptrType, args, receiver, receiverType]!=[args, receiverType, receiver, fptrType, type]
mismatch in template VarRef between arguments and @ModelElement fields: []!=[type]
mismatch in template VarRef between arguments and @ModelElement fields: []!=[type]
mismatch in template MethodDef between arguments and @ModelElement fields: [args, funcName, body, returnType]!=[body, args, returnType]
mismatch in template LiteralRef between arguments and @ModelElement fields: []!=[type]
mismatch in template VarDef between arguments and @ModelElement fields: [type]!=[type, name]
no model to template mapping for MethodDefVTableInfo
mismatch in template MethodDef between arguments and @ModelElement fields: [args, funcName, body, returnType]!=[body, args, returnType]
mismatch in template VarDef between arguments and @ModelElement fields: [type]!=[type, name]
no model to template mapping for MethodDefVTableInfo
no model to template mapping for MethodDefVTableInfo
mismatch in template MethodDef between arguments and @ModelElement fields: [args, funcName, body, returnType]!=[body, args, returnType]
mismatch in template MethodCall between arguments and @ModelElement fields: [fptrType, args, receiver, receiverType]!=[args, receiverType, receiver, fptrType, type]
mismatch in template ThisRef between arguments and @ModelElement fields: []!=[type]
mismatch in template ThisRef between arguments and @ModelElement fields: []!=[type]
mismatch in template VarDef between arguments and @ModelElement fields: [type]!=[type, name]
mismatch in template MethodDef between arguments and @ModelElement fields: [args, funcName, body, returnType]!=[body, args, returnType]
mismatch in template MethodCall between arguments and @ModelElement fields: [fptrType, args, receiver, receiverType]!=[args, receiverType, receiver, fptrType, type]
mismatch in template ThisRef between arguments and @ModelElement fields: []!=[type]
mismatch in template ThisRef between arguments and @ModelElement fields: []!=[type]
mismatch in template VarDef between arguments and @ModelElement fields: [type]!=[type, name]
no model to template mapping for MethodDefVTableInfo
no model to template mapping for MethodDefVTableInfo
no model to template mapping for MethodDefVTableInfo
no model to template mapping for MethodDefVTableInfo
mismatch in template VarDef between arguments and @ModelElement fields: [type]!=[type, name]
mismatch in template VarRef between arguments and @ModelElement fields: []!=[type]
mismatch in template CtorCall between arguments and @ModelElement fields: []!=[type]
mismatch in template MethodCall between arguments and @ModelElement fields: [fptrType, args, receiver, receiverType]!=[args, receiverType, receiver, fptrType, type]
mismatch in template VarRef between arguments and @ModelElement fields: []!=[type]
mismatch in template VarRef between arguments and @ModelElement fields: []!=[type]
mismatch in template MethodCall between arguments and @ModelElement fields: [fptrType, args, receiver, receiverType]!=[args, receiverType, receiver, fptrType, type]
mismatch in template VarRef between arguments and @ModelElement fields: []!=[type]
mismatch in template VarRef between arguments and @ModelElement fields: []!=[type]
mismatch in template MethodCall between arguments and @ModelElement fields: [fptrType, args, receiver, receiverType]!=[args, receiverType, receiver, fptrType, type]
mismatch in template VarRef between arguments and @ModelElement fields: []!=[type]
mismatch in template VarRef between arguments and @ModelElement fields: []!=[type]
mismatch in template MethodDef between arguments and @ModelElement fields: [args, funcName, body, returnType]!=[body, args, returnType]
mismatch in template LiteralRef between arguments and @ModelElement fields: []!=[type]
mismatch in template VarDef between arguments and @ModelElement fields: [type]!=[type, name]
no model to template mapping for MethodDefVTableInfo
mismatch in template MethodDef between arguments and @ModelElement fields: [args, funcName, body, returnType]!=[body, args, returnType]
mismatch in template VarDef between arguments and @ModelElement fields: [type]!=[type, name]
no model to template mapping for MethodDefVTableInfo
no model to template mapping for MethodDefVTableInfo
mismatch in template MethodDef between arguments and @ModelElement fields: [args, funcName, body, returnType]!=[body, args, returnType]
mismatch in template MethodCall between arguments and @ModelElement fields: [fptrType, args, receiver, receiverType]!=[args, receiverType, receiver, fptrType, type]
mismatch in template ThisRef between arguments and @ModelElement fields: []!=[type]
mismatch in template ThisRef between arguments and @ModelElement fields: []!=[type]
mismatch in template VarDef between arguments and @ModelElement fields: [type]!=[type, name]
mismatch in template MethodDef between arguments and @ModelElement fields: [args, funcName, body, returnType]!=[body, args, returnType]
mismatch in template MethodCall between arguments and @ModelElement fields: [fptrType, args, receiver, receiverType]!=[args, receiverType, receiver, fptrType, type]
mismatch in template ThisRef between arguments and @ModelElement fields: []!=[type]
mismatch in template ThisRef between arguments and @ModelElement fields: []!=[type]
mismatch in template VarDef between arguments and @ModelElement fields: [type]!=[type, name]
no model to template mapping for MethodDefVTableInfo
no model to template mapping for MethodDefVTableInfo
no model to template mapping for MethodDefVTableInfo
no model to template mapping for MethodDefVTableInfo
mismatch in template VarDef between arguments and @ModelElement fields: [type]!=[type, name]
mismatch in template VarRef between arguments and @ModelElement fields: []!=[type]
mismatch in template CtorCall between arguments and @ModelElement fields: []!=[type]
mismatch in template MethodCall between arguments and @ModelElement fields: [fptrType, args, receiver, receiverType]!=[args, receiverType, receiver, fptrType, type]
mismatch in template VarRef between arguments and @ModelElement fields: []!=[type]
mismatch in template VarRef between arguments and @ModelElement fields: []!=[type]
mismatch in template MethodCall between arguments and @ModelElement fields: [fptrType, args, receiver, receiverType]!=[args, receiverType, receiver, fptrType, type]
mismatch in template VarRef between arguments and @ModelElement fields: []!=[type]
mismatch in template VarRef between arguments and @ModelElement fields: []!=[type]
mismatch in template MethodCall between arguments and @ModelElement fields: [fptrType, args, receiver, receiverType]!=[args, receiverType, receiver, fptrType, type]
mismatch in template VarRef between arguments and @ModelElement fields: []!=[type]
mismatch in template VarRef between arguments and @ModelElement fields: []!=[type]
<T.x:global.int>
<T.y:global.float>
mismatch in template MethodDef between arguments and @ModelElement fields: [args, funcName, body, returnType]!=[body, args, returnType]
mismatch in template VarDef between arguments and @ModelElement fields: [type]!=[type, name]
mismatch in template MethodDef between arguments and @ModelElement fields: [args, funcName, body, returnType]!=[body, args, returnType]
mismatch in template VarDef between arguments and @ModelElement fields: [type]!=[type, name]
mismatch in template VarRef between arguments and @ModelElement fields: []!=[type]
mismatch in template FieldRef between arguments and @ModelElement fields: [object]!=[object, type]
mismatch in template VarRef between arguments and @ModelElement fields: []!=[type]
mismatch in template MethodCall between arguments and @ModelElement fields: [fptrType, args, receiver, receiverType]!=[args, receiverType, receiver, fptrType, type]
mismatch in template ThisRef between arguments and @ModelElement fields: []!=[type]
mismatch in template ThisRef between arguments and @ModelElement fields: []!=[type]
mismatch in template MethodCall between arguments and @ModelElement fields: [fptrType, args, receiver, receiverType]!=[args, receiverType, receiver, fptrType, type]
mismatch in template ThisRef between arguments and @ModelElement fields: []!=[type]
mismatch in template ThisRef between arguments and @ModelElement fields: []!=[type]
mismatch in template VarRef between arguments and @ModelElement fields: []!=[type]
mismatch in template FieldRef between arguments and @ModelElement fields: [object]!=[object, type]
mismatch in template VarRef between arguments and @ModelElement fields: []!=[type]
mismatch in template FieldRef between arguments and @ModelElement fields: [object]!=[object, type]
mismatch in template ThisRef between arguments and @ModelElement fields: []!=[type]
mismatch in template LiteralRef between arguments and @ModelElement fields: []!=[type]
mismatch in template FieldRef between arguments and @ModelElement fields: [object]!=[object, type]
mismatch in template ThisRef between arguments and @ModelElement fields: []!=[type]
mismatch in template VarDef between arguments and @ModelElement fields: [type]!=[type, name]
mismatch in template VarDef between arguments and @ModelElement fields: [type]!=[type, name]
mismatch in template VarDef between arguments and @ModelElement fields: [type]!=[type, name]
mismatch in template VarDef between arguments and @ModelElement fields: [type]!=[type, name]
mismatch in template VarDef between arguments and @ModelElement fields: [type]!=[type, name]
no model to template mapping for MethodDefVTableInfo
no model to template mapping for MethodDefVTableInfo
mismatch in template VarDef between arguments and @ModelElement fields: [type]!=[type, name]
mismatch in template VarDef between arguments and @ModelElement fields: [type]!=[type, name]
mismatch in template VarRef between arguments and @ModelElement fields: []!=[type]
mismatch in template CtorCall between arguments and @ModelElement fields: []!=[type]
mismatch in template MethodCall between arguments and @ModelElement fields: [fptrType, args, receiver, receiverType]!=[args, receiverType, receiver, fptrType, type]
mismatch in template VarRef between arguments and @ModelElement fields: []!=[type]
mismatch in template VarRef between arguments and @ModelElement fields: []!=[type]
mismatch in template MethodCall between arguments and @ModelElement fields: [fptrType, args, receiver, receiverType]!=[args, receiverType, receiver, fptrType, type]
mismatch in template VarRef between arguments and @ModelElement fields: []!=[type]
mismatch in template LiteralRef between arguments and @ModelElement fields: []!=[type]
mismatch in template CtorCall between arguments and @ModelElement fields: []!=[type]
mismatch in template VarRef between arguments and @ModelElement fields: []!=[type]
mismatch in template VarRef between arguments and @ModelElement fields: []!=[type]
mismatch in template CtorCall between arguments and @ModelElement fields: []!=[type]
mismatch in template FieldRef between arguments and @ModelElement fields: [object]!=[object, type]
mismatch in template VarRef between arguments and @ModelElement fields: []!=[type]
mismatch in template LiteralRef between arguments and @ModelElement fields: []!=[type]
mismatch in template MethodCall between arguments and @ModelElement fields: [fptrType, args, receiver, receiverType]!=[args, receiverType, receiver, fptrType, type]
mismatch in template VarRef between arguments and @ModelElement fields: []!=[type]
mismatch in template LiteralRef between arguments and @ModelElement fields: []!=[type]
mismatch in template VarRef between arguments and @ModelElement fields: []!=[type]
mismatch in template VarRef between arguments and @ModelElement fields: []!=[type]
<T.x:global.int>
<T.y:global.float>
mismatch in template MethodDef between arguments and @ModelElement fields: [args, funcName, body, returnType]!=[body, args, returnType]
mismatch in template VarDef between arguments and @ModelElement fields: [type]!=[type, name]
mismatch in template MethodDef between arguments and @ModelElement fields: [args, funcName, body, returnType]!=[body, args, returnType]
mismatch in template VarDef between arguments and @ModelElement fields: [type]!=[type, name]
mismatch in template VarRef between arguments and @ModelElement fields: []!=[type]
mismatch in template FieldRef between arguments and @ModelElement fields: [object]!=[object, type]
mismatch in template VarRef between arguments and @ModelElement fields: []!=[type]
mismatch in template MethodCall between arguments and @ModelElement fields: [fptrType, args, receiver, receiverType]!=[args, receiverType, receiver, fptrType, type]
mismatch in template ThisRef between arguments and @ModelElement fields: []!=[type]
mismatch in template ThisRef between arguments and @ModelElement fields: []!=[type]
mismatch in template MethodCall between arguments and @ModelElement fields: [fptrType, args, receiver, receiverType]!=[args, receiverType, receiver, fptrType, type]
mismatch in template ThisRef between arguments and @ModelElement fields: []!=[type]
mismatch in template ThisRef between arguments and @ModelElement fields: []!=[type]
mismatch in template VarRef between arguments and @ModelElement fields: []!=[type]
mismatch in template FieldRef between arguments and @ModelElement fields: [object]!=[object, type]
mismatch in template VarRef between arguments and @ModelElement fields: []!=[type]
mismatch in template FieldRef between arguments and @ModelElement fields: [object]!=[object, type]
mismatch in template ThisRef between arguments and @ModelElement fields: []!=[type]
mismatch in template LiteralRef between arguments and @ModelElement fields: []!=[type]
mismatch in template FieldRef between arguments and @ModelElement fields: [object]!=[object, type]
mismatch in template ThisRef between arguments and @ModelElement fields: []!=[type]
mismatch in template VarDef between arguments and @ModelElement fields: [type]!=[type, name]
mismatch in template VarDef between arguments and @ModelElement fields: [type]!=[type, name]
mismatch in template VarDef between arguments and @ModelElement fields: [type]!=[type, name]
mismatch in template VarDef between arguments and @ModelElement fields: [type]!=[type, name]
mismatch in template VarDef between arguments and @ModelElement fields: [type]!=[type, name]
no model to template mapping for MethodDefVTableInfo
no model to template mapping for MethodDefVTableInfo
mismatch in template VarDef between arguments and @ModelElement fields: [type]!=[type, name]
mismatch in template VarDef between arguments and @ModelElement fields: [type]!=[type, name]
mismatch in template VarRef between arguments and @ModelElement fields: []!=[type]
mismatch in template CtorCall between arguments and @ModelElement fields: []!=[type]
mismatch in template MethodCall between arguments and @ModelElement fields: [fptrType, args, receiver, receiverType]!=[args, receiverType, receiver, fptrType, type]
mismatch in template VarRef between arguments and @ModelElement fields: []!=[type]
mismatch in template VarRef between arguments and @ModelElement fields: []!=[type]
mismatch in template MethodCall between arguments and @ModelElement fields: [fptrType, args, receiver, receiverType]!=[args, receiverType, receiver, fptrType, type]
mismatch in template VarRef between arguments and @ModelElement fields: []!=[type]
mismatch in template LiteralRef between arguments and @ModelElement fields: []!=[type]
mismatch in template CtorCall between arguments and @ModelElement fields: []!=[type]
mismatch in template VarRef between arguments and @ModelElement fields: []!=[type]
mismatch in template VarRef between arguments and @ModelElement fields: []!=[type]
mismatch in template CtorCall between arguments and @ModelElement fields: []!=[type]
mismatch in template FieldRef between arguments and @ModelElement fields: [object]!=[object, type]
mismatch in template VarRef between arguments and @ModelElement fields: []!=[type]
mismatch in template LiteralRef between arguments and @ModelElement fields: []!=[type]
mismatch in template MethodCall between arguments and @ModelElement fields: [fptrType, args, receiver, receiverType]!=[args, receiverType, receiver, fptrType, type]
mismatch in template VarRef between arguments and @ModelElement fields: []!=[type]
mismatch in template LiteralRef between arguments and @ModelElement fields: []!=[type]
mismatch in template VarRef between arguments and @ModelElement fields: []!=[type]
mismatch in template VarRef between arguments and @ModelElement fields: []!=[type]
mismatch in template MethodDef between arguments and @ModelElement fields: [args, funcName, body, returnType]!=[body, args, returnType]
mismatch in template VarDef between arguments and @ModelElement fields: [type]!=[type, name]
no model to template mapping for MethodDefVTableInfo
mismatch in template VarDef between arguments and @ModelElement fields: [type]!=[type, name]
mismatch in template VarRef between arguments and @ModelElement fields: []!=[type]
mismatch in template CtorCall between arguments and @ModelElement fields: []!=[type]
mismatch in template MethodCall between arguments and @ModelElement fields: [fptrType, args, receiver, receiverType]!=[args, receiverType, receiver, fptrType, type]
mismatch in template VarRef between arguments and @ModelElement fields: []!=[type]
mismatch in template VarRef between arguments and @ModelElement fields: []!=[type]
mismatch in template MethodDef between arguments and @ModelElement fields: [args, funcName, body, returnType]!=[body, args, returnType]
mismatch in template VarDef between arguments and @ModelElement fields: [type]!=[type, name]
no model to template mapping for MethodDefVTableInfo
mismatch in template VarDef between arguments and @ModelElement fields: [type]!=[type, name]
mismatch in template VarRef between arguments and @ModelElement fields: []!=[type]
mismatch in template CtorCall between arguments and @ModelElement fields: []!=[type]
mismatch in template MethodCall between arguments and @ModelElement fields: [fptrType, args, receiver, receiverType]!=[args, receiverType, receiver, fptrType, type]
mismatch in template VarRef between arguments and @ModelElement fields: []!=[type]
mismatch in template VarRef between arguments and @ModelElement fields: []!=[type]
mismatch in template MethodDef between arguments and @ModelElement fields: [args, funcName, body, returnType]!=[body, args, returnType]
mismatch in template VarDef between arguments and @ModelElement fields: [type]!=[type, name]
mismatch in template MethodDef between arguments and @ModelElement fields: [args, funcName, body, returnType]!=[body, args, returnType]
mismatch in template VarDef between arguments and @ModelElement fields: [type]!=[type, name]
no model to template mapping for MethodDefVTableInfo
no model to template mapping for MethodDefVTableInfo
mismatch in template VarDef between arguments and @ModelElement fields: [type]!=[type, name]
mismatch in template VarRef between arguments and @ModelElement fields: []!=[type]
mismatch in template CtorCall between arguments and @ModelElement fields: []!=[type]
mismatch in template MethodCall between arguments and @ModelElement fields: [fptrType, args, receiver, receiverType]!=[args, receiverType, receiver, fptrType, type]
mismatch in template VarRef between arguments and @ModelElement fields: []!=[type]
mismatch in template VarRef between arguments and @ModelElement fields: []!=[type]
mismatch in template MethodCall between arguments and @ModelElement fields: [fptrType, args, receiver, receiverType]!=[args, receiverType, receiver, fptrType, type]
mismatch in template VarRef between arguments and @ModelElement fields: []!=[type]
mismatch in template VarRef between arguments and @ModelElement fields: []!=[type]
mismatch in template MethodDef between arguments and @ModelElement fields: [args, funcName, body, returnType]!=[body, args, returnType]
mismatch in template VarDef between arguments and @ModelElement fields: [type]!=[type, name]
mismatch in template MethodDef between arguments and @ModelElement fields: [args, funcName, body, returnType]!=[body, args, returnType]
mismatch in template VarDef between arguments and @ModelElement fields: [type]!=[type, name]
no model to template mapping for MethodDefVTableInfo
no model to template mapping for MethodDefVTableInfo
mismatch in template VarDef between arguments and @ModelElement fields: [type]!=[type, name]
mismatch in template VarRef between arguments and @ModelElement fields: []!=[type]
mismatch in template CtorCall between arguments and @ModelElement fields: []!=[type]
mismatch in template MethodCall between arguments and @ModelElement fields: [fptrType, args, receiver, receiverType]!=[args, receiverType, receiver, fptrType, type]
mismatch in template VarRef between arguments and @ModelElement fields: []!=[type]
mismatch in template VarRef between arguments and @ModelElement fields: []!=[type]
mismatch in template MethodCall between arguments and @ModelElement fields: [fptrType, args, receiver, receiverType]!=[args, receiverType, receiver, fptrType, type]
mismatch in template VarRef between arguments and @ModelElement fields: []!=[type]
mismatch in template VarRef between arguments and @ModelElement fields: []!=[type]
<Animal.ID:global.int>
mismatch in template MethodDef between arguments and @ModelElement fields: [args, funcName, body, returnType]!=[body, args, returnType]
mismatch in template FieldRef between arguments and @ModelElement fields: [object]!=[object, type]
mismatch in template ThisRef between arguments and @ModelElement fields: []!=[type]
mismatch in template VarDef between arguments and @ModelElement fields: [type]!=[type, name]
mismatch in template MethodDef between arguments and @ModelElement fields: [args, funcName, body, returnType]!=[body, args, returnType]
mismatch in template MethodCall between arguments and @ModelElement fields: [fptrType, args, receiver, receiverType]!=[args, receiverType, receiver, fptrType, type]
mismatch in template ThisRef between arguments and @ModelElement fields: []!=[type]
mismatch in template ThisRef between arguments and @ModelElement fields: []!=[type]
mismatch in template VarDef between arguments and @ModelElement fields: [type]!=[type, name]
mismatch in template VarDef between arguments and @ModelElement fields: [type]!=[type, name]
no model to template mapping for MethodDefVTableInfo
no model to template mapping for MethodDefVTableInfo
mismatch in template MethodDef between arguments and @ModelElement fields: [args, funcName, body, returnType]!=[body, args, returnType]
mismatch in template VarDef between arguments and @ModelElement fields: [type]!=[type, name]
mismatch in template VarDef between arguments and @ModelElement fields: [type]!=[type, name]
no model to template mapping for MethodDefVTableInfo
no model to template mapping for MethodDefVTableInfo
mismatch in template VarDef between arguments and @ModelElement fields: [type]!=[type, name]
mismatch in template VarDef between arguments and @ModelElement fields: [type]!=[type, name]
mismatch in template VarRef between arguments and @ModelElement fields: []!=[type]
mismatch in template CtorCall between arguments and @ModelElement fields: []!=[type]
mismatch in template VarRef between arguments and @ModelElement fields: []!=[type]
mismatch in template VarRef between arguments and @ModelElement fields: []!=[type]
mismatch in template MethodCall between arguments and @ModelElement fields: [fptrType, args, receiver, receiverType]!=[args, receiverType, receiver, fptrType, type]
mismatch in template VarRef between arguments and @ModelElement fields: []!=[type]
mismatch in template VarRef between arguments and @ModelElement fields: []!=[type]
mismatch in template MethodCall between arguments and @ModelElement fields: [fptrType, args, receiver, receiverType]!=[args, receiverType, receiver, fptrType, type]
mismatch in template VarRef between arguments and @ModelElement fields: []!=[type]
mismatch in template VarRef between arguments and @ModelElement fields: []!=[type]
<Animal.ID:global.int>
mismatch in template MethodDef between arguments and @ModelElement fields: [args, funcName, body, returnType]!=[body, args, returnType]
mismatch in template FieldRef between arguments and @ModelElement fields: [object]!=[object, type]
mismatch in template ThisRef between arguments and @ModelElement fields: []!=[type]
mismatch in template VarDef between arguments and @ModelElement fields: [type]!=[type, name]
mismatch in template MethodDef between arguments and @ModelElement fields: [args, funcName, body, returnType]!=[body, args, returnType]
mismatch in template MethodCall between arguments and @ModelElement fields: [fptrType, args, receiver, receiverType]!=[args, receiverType, receiver, fptrType, type]
mismatch in template ThisRef between arguments and @ModelElement fields: []!=[type]
mismatch in template ThisRef between arguments and @ModelElement fields: []!=[type]
mismatch in template VarDef between arguments and @ModelElement fields: [type]!=[type, name]
mismatch in template VarDef between arguments and @ModelElement fields: [type]!=[type, name]
no model to template mapping for MethodDefVTableInfo
no model to template mapping for MethodDefVTableInfo
mismatch in template MethodDef between arguments and @ModelElement fields: [args, funcName, body, returnType]!=[body, args, returnType]
mismatch in template VarDef between arguments and @ModelElement fields: [type]!=[type, name]
mismatch in template VarDef between arguments and @ModelElement fields: [type]!=[type, name]
no model to template mapping for MethodDefVTableInfo
no model to template mapping for MethodDefVTableInfo
mismatch in template VarDef between arguments and @ModelElement fields: [type]!=[type, name]
mismatch in template VarDef between arguments and @ModelElement fields: [type]!=[type, name]
mismatch in template VarRef between arguments and @ModelElement fields: []!=[type]
mismatch in template CtorCall between arguments and @ModelElement fields: []!=[type]
mismatch in template VarRef between arguments and @ModelElement fields: []!=[type]
mismatch in template VarRef between arguments and @ModelElement fields: []!=[type]
mismatch in template MethodCall between arguments and @ModelElement fields: [fptrType, args, receiver, receiverType]!=[args, receiverType, receiver, fptrType, type]
mismatch in template VarRef between arguments and @ModelElement fields: []!=[type]
mismatch in template VarRef between arguments and @ModelElement fields: []!=[type]
mismatch in template MethodCall between arguments and @ModelElement fields: [fptrType, args, receiver, receiverType]!=[args, receiverType, receiver, fptrType, type]
mismatch in template VarRef between arguments and @ModelElement fields: []!=[type]
mismatch in template VarRef between arguments and @ModelElement fields: []!=[type]
mismatch in template LiteralRef between arguments and @ModelElement fields: []!=[type]
mismatch in template LiteralRef between arguments and @ModelElement fields: []!=[type]
mismatch in template LiteralRef between arguments and @ModelElement fields: []!=[type]
mismatch in template LiteralRef between arguments and @ModelElement fields: []!=[type]
mismatch in template MethodDef between arguments and @ModelElement fields: [args, funcName, body, returnType]!=[body, args, returnType]
mismatch in template VarDef between arguments and @ModelElement fields: [type]!=[type, name]
mismatch in template MethodDef between arguments and @ModelElement fields: [args, funcName, body, returnType]!=[body, args, returnType]
mismatch in template MethodCall between arguments and @ModelElement fields: [fptrType, args, receiver, receiverType]!=[args, receiverType, receiver, fptrType, type]
mismatch in template ThisRef between arguments and @ModelElement fields: []!=[type]
mismatch in template ThisRef between arguments and @ModelElement fields: []!=[type]
mismatch in template MethodCall between arguments and @ModelElement fields: [fptrType, args, receiver, receiverType]!=[args, receiverType, receiver, fptrType, type]
mismatch in template ThisRef between arguments and @ModelElement fields: []!=[type]
mismatch in template ThisRef between arguments and @ModelElement fields: []!=[type]
mismatch in template VarDef between arguments and @ModelElement fields: [type]!=[type, name]
no model to template mapping for MethodDefVTableInfo
no model to template mapping for MethodDefVTableInfo
mismatch in template VarDef between arguments and @ModelElement fields: [type]!=[type, name]
mismatch in template VarRef between arguments and @ModelElement fields: []!=[type]
mismatch in template CtorCall between arguments and @ModelElement fields: []!=[type]
mismatch in template MethodCall between arguments and @ModelElement fields: [fptrType, args, receiver, receiverType]!=[args, receiverType, receiver, fptrType, type]
mismatch in template VarRef between arguments and @ModelElement fields: []!=[type]
mismatch in template VarRef between arguments and @ModelElement fields: []!=[type]
mismatch in template MethodDef between arguments and @ModelElement fields: [args, funcName, body, returnType]!=[body, args, returnType]
mismatch in template VarDef between arguments and @ModelElement fields: [type]!=[type, name]
mismatch in template MethodDef between arguments and @ModelElement fields: [args, funcName, body, returnType]!=[body, args, returnType]
mismatch in template MethodCall between arguments and @ModelElement fields: [fptrType, args, receiver, receiverType]!=[args, receiverType, receiver, fptrType, type]
mismatch in template ThisRef between arguments and @ModelElement fields: []!=[type]
mismatch in template ThisRef between arguments and @ModelElement fields: []!=[type]
mismatch in template MethodCall between arguments and @ModelElement fields: [fptrType, args, receiver, receiverType]!=[args, receiverType, receiver, fptrType, type]
mismatch in template ThisRef between arguments and @ModelElement fields: []!=[type]
mismatch in template ThisRef between arguments and @ModelElement fields: []!=[type]
mismatch in template VarDef between arguments and @ModelElement fields: [type]!=[type, name]
no model to template mapping for MethodDefVTableInfo
no model to template mapping for MethodDefVTableInfo
mismatch in template VarDef between arguments and @ModelElement fields: [type]!=[type, name]
mismatch in template VarRef between arguments and @ModelElement fields: []!=[type]
mismatch in template CtorCall between arguments and @ModelElement fields: []!=[type]
mismatch in template MethodCall between arguments and @ModelElement fields: [fptrType, args, receiver, receiverType]!=[args, receiverType, receiver, fptrType, type]
mismatch in template VarRef between arguments and @ModelElement fields: []!=[type]
mismatch in template VarRef between arguments and @ModelElement fields: []!=[type]
mismatch in template MethodDef between arguments and @ModelElement fields: [args, funcName, body, returnType]!=[body, args, returnType]
mismatch in template VarRef between arguments and @ModelElement fields: []!=[type]
mismatch in template VarDef between arguments and @ModelElement fields: [type]!=[type, name]
mismatch in template VarDef between arguments and @ModelElement fields: [type]!=[type, name]
no model to template mapping for MethodDefVTableInfo
mismatch in template MethodDef between arguments and @ModelElement fields: [args, funcName, body, returnType]!=[body, args, returnType]
mismatch in template VarRef between arguments and @ModelElement fields: []!=[type]
mismatch in template VarDef between arguments and @ModelElement fields: [type]!=[type, name]
mismatch in template VarDef between arguments and @ModelElement fields: [type]!=[type, name]
no model to template mapping for MethodDefVTableInfo
mismatch in template MethodDef between arguments and @ModelElement fields: [args, funcName, body, returnType]!=[body, args, returnType]
mismatch in template VarRef between arguments and @ModelElement fields: []!=[type]
mismatch in template VarDef between arguments and @ModelElement fields: [type]!=[type, name]
mismatch in template VarDef between arguments and @ModelElement fields: [type]!=[type, name]
no model to template mapping for MethodDefVTableInfo
mismatch in template VarDef between arguments and @ModelElement fields: [type]!=[type, name]
mismatch in template VarDef between arguments and @ModelElement fields: [type]!=[type, name]
mismatch in template VarRef between arguments and @ModelElement fields: []!=[type]
mismatch in template CtorCall between arguments and @ModelElement fields: []!=[type]
mismatch in template VarRef between arguments and @ModelElement fields: []!=[type]
mismatch in template MethodCall between arguments and @ModelElement fields: [fptrType, args, receiver, receiverType]!=[args, receiverType, receiver, fptrType, type]
mismatch in template VarRef between arguments and @ModelElement fields: []!=[type]
mismatch in template LiteralRef between arguments and @ModelElement fields: []!=[type]
mismatch in template VarRef between arguments and @ModelElement fields: []!=[type]
mismatch in template VarRef between arguments and @ModelElement fields: []!=[type]
mismatch in template MethodCall between arguments and @ModelElement fields: [fptrType, args, receiver, receiverType]!=[args, receiverType, receiver, fptrType, type]
mismatch in template VarRef between arguments and @ModelElement fields: []!=[type]
mismatch in template LiteralRef between arguments and @ModelElement fields: []!=[type]
mismatch in template VarRef between arguments and @ModelElement fields: []!=[type]
mismatch in template MethodDef between arguments and @ModelElement fields: [args, funcName, body, returnType]!=[body, args, returnType]
mismatch in template VarRef between arguments and @ModelElement fields: []!=[type]
mismatch in template VarDef between arguments and @ModelElement fields: [type]!=[type, name]
mismatch in template VarDef between arguments and @ModelElement fields: [type]!=[type, name]
no model to template mapping for MethodDefVTableInfo
mismatch in template VarDef between arguments and @ModelElement fields: [type]!=[type, name]
mismatch in template VarDef between arguments and @ModelElement fields: [type]!=[type, name]
mismatch in template VarRef between arguments and @ModelElement fields: []!=[type]
mismatch in template CtorCall between arguments and @ModelElement fields: []!=[type]
mismatch in template VarRef between arguments and @ModelElement fields: []!=[type]
mismatch in template MethodCall between arguments and @ModelElement fields: [fptrType, args, receiver, receiverType]!=[args, receiverType, receiver, fptrType, type]
mismatch in template VarRef between arguments and @ModelElement fields: []!=[type]
mismatch in template LiteralRef between arguments and @ModelElement fields: []!=[type]
mismatch in template VarRef between arguments and @ModelElement fields: []!=[type]
mismatch in template VarRef between arguments and @ModelElement fields: []!=[type]
mismatch in template MethodCall between arguments and @ModelElement fields: [fptrType, args, receiver, receiverType]!=[args, receiverType, receiver, fptrType, type]
mismatch in template VarRef between arguments and @ModelElement fields: []!=[type]
mismatch in template LiteralRef between arguments and @ModelElement fields: []!=[type]
mismatch in template VarRef between arguments and @ModelElement fields: []!=[type]
<Employee.ID:global.int>
<Mgr.level:global.int>
<Coder.salary:global.float>
<Coder.boss:global.Mgr>
mismatch in template MethodDef between arguments and @ModelElement fields: [args, funcName, body, returnType]!=[body, args, returnType]
mismatch in template FieldRef between arguments and @ModelElement fields: [object]!=[object, type]
mismatch in template ThisRef between arguments and @ModelElement fields: []!=[type]
mismatch in template VarDef between arguments and @ModelElement fields: [type]!=[type, name]
mismatch in template MethodDef between arguments and @ModelElement fields: [args, funcName, body, returnType]!=[body, args, returnType]
mismatch in template FieldRef between arguments and @ModelElement fields: [object]!=[object, type]
mismatch in template ThisRef between arguments and @ModelElement fields: []!=[type]
mismatch in template VarRef between arguments and @ModelElement fields: []!=[type]
mismatch in template VarDef between arguments and @ModelElement fields: [type]!=[type, name]
mismatch in template VarDef between arguments and @ModelElement fields: [type]!=[type, name]
mismatch in template VarDef between arguments and @ModelElement fields: [type]!=[type, name]
no model to template mapping for MethodDefVTableInfo
no model to template mapping for MethodDefVTableInfo
mismatch in template VarDef between arguments and @ModelElement fields: [type]!=[type, name]
mismatch in template VarDef between arguments and @ModelElement fields: [type]!=[type, name]
no model to template mapping for MethodDefVTableInfo
no model to template mapping for MethodDefVTableInfo
mismatch in template MethodDef between arguments and @ModelElement fields: [args, funcName, body, returnType]!=[body, args, returnType]
mismatch in template FieldRef between arguments and @ModelElement fields: [object]!=[object, type]
mismatch in template ThisRef between arguments and @ModelElement fields: []!=[type]
mismatch in template VarRef between arguments and @ModelElement fields: []!=[type]
mismatch in template VarDef between arguments and @ModelElement fields: [type]!=[type, name]
mismatch in template VarDef between arguments and @ModelElement fields: [type]!=[type, name]
mismatch in template MethodDef between arguments and @ModelElement fields: [args, funcName, body, returnType]!=[body, args, returnType]
mismatch in template FieldRef between arguments and @ModelElement fields: [object]!=[object, type]
mismatch in template ThisRef between arguments and @ModelElement fields: []!=[type]
mismatch in template VarDef between arguments and @ModelElement fields: [type]!=[type, name]
mismatch in template MethodDef between arguments and @ModelElement fields: [args, funcName, body, returnType]!=[body, args, returnType]
mismatch in template FieldRef between arguments and @ModelElement fields: [object]!=[object, type]
mismatch in template ThisRef between arguments and @ModelElement fields: []!=[type]
mismatch in template VarRef between arguments and @ModelElement fields: []!=[type]
mismatch in template VarDef between arguments and @ModelElement fields: [type]!=[type, name]
mismatch in template VarDef between arguments and @ModelElement fields: [type]!=[type, name]
mismatch in template VarDef between arguments and @ModelElement fields: [type]!=[type, name]
mismatch in template VarDef between arguments and @ModelElement fields: [type]!=[type, name]
mismatch in template VarDef between arguments and @ModelElement fields: [type]!=[type, name]
no model to template mapping for MethodDefVTableInfo
no model to template mapping for MethodDefVTableInfo
no model to template mapping for MethodDefVTableInfo
no model to template mapping for MethodDefVTableInfo
no model to template mapping for MethodDefVTableInfo
mismatch in template VarDef between arguments and @ModelElement fields: [type]!=[type, name]
mismatch in template VarDef between arguments and @ModelElement fields: [type]!=[type, name]
mismatch in template VarRef between arguments and @ModelElement fields: []!=[type]
mismatch in template LiteralRef between arguments and @ModelElement fields: []!=[type]
mismatch in template VarRef between arguments and @ModelElement fields: []!=[type]
mismatch in template CtorCall between arguments and @ModelElement fields: []!=[type]
mismatch in template FieldRef between arguments and @ModelElement fields: [object]!=[object, type]
mismatch in template VarRef between arguments and @ModelElement fields: []!=[type]
mismatch in template VarRef between arguments and @ModelElement fields: []!=[type]
mismatch in template FieldRef between arguments and @ModelElement fields: [object]!=[object, type]
mismatch in template VarRef between arguments and @ModelElement fields: []!=[type]
mismatch in template CtorCall between arguments and @ModelElement fields: []!=[type]
mismatch in template FieldRef between arguments and @ModelElement fields: [object]!=[object, type]
mismatch in template FieldRef between arguments and @ModelElement fields: [object]!=[object, type]
mismatch in template VarRef between arguments and @ModelElement fields: []!=[type]
mismatch in template LiteralRef between arguments and @ModelElement fields: []!=[type]
mismatch in template FieldRef between arguments and @ModelElement fields: [object]!=[object, type]
mismatch in template FieldRef between arguments and @ModelElement fields: [object]!=[object, type]
mismatch in template VarRef between arguments and @ModelElement fields: []!=[type]
mismatch in template LiteralRef between arguments and @ModelElement fields: []!=[type]
mismatch in template MethodCall between arguments and @ModelElement fields: [fptrType, args, receiver, receiverType]!=[args, receiverType, receiver, fptrType, type]
mismatch in template FieldRef between arguments and @ModelElement fields: [object]!=[object, type]
mismatch in template VarRef between arguments and @ModelElement fields: []!=[type]
mismatch in template FieldRef between arguments and @ModelElement fields: [object]!=[object, type]
mismatch in template VarRef between arguments and @ModelElement fields: []!=[type]
mismatch in template MethodCall between arguments and @ModelElement fields: [fptrType, args, receiver, receiverType]!=[args, receiverType, receiver, fptrType, type]
mismatch in template VarRef between arguments and @ModelElement fields: []!=[type]
mismatch in template VarRef between arguments and @ModelElement fields: []!=[type]
<Employee.ID:global.int>
<Mgr.level:global.int>
<Coder.salary:global.float>
<Coder.boss:global.Mgr>
mismatch in template MethodDef between arguments and @ModelElement fields: [args, funcName, body, returnType]!=[body, args, returnType]
mismatch in template FieldRef between arguments and @ModelElement fields: [object]!=[object, type]
mismatch in template ThisRef between arguments and @ModelElement fields: []!=[type]
mismatch in template VarDef between arguments and @ModelElement fields: [type]!=[type, name]
mismatch in template MethodDef between arguments and @ModelElement fields: [args, funcName, body, returnType]!=[body, args, returnType]
mismatch in template FieldRef between arguments and @ModelElement fields: [object]!=[object, type]
mismatch in template ThisRef between arguments and @ModelElement fields: []!=[type]
mismatch in template VarRef between arguments and @ModelElement fields: []!=[type]
mismatch in template VarDef between arguments and @ModelElement fields: [type]!=[type, name]
mismatch in template VarDef between arguments and @ModelElement fields: [type]!=[type, name]
mismatch in template VarDef between arguments and @ModelElement fields: [type]!=[type, name]
no model to template mapping for MethodDefVTableInfo
no model to template mapping for MethodDefVTableInfo
mismatch in template VarDef between arguments and @ModelElement fields: [type]!=[type, name]
mismatch in template VarDef between arguments and @ModelElement fields: [type]!=[type, name]
no model to template mapping for MethodDefVTableInfo
no model to template mapping for MethodDefVTableInfo
mismatch in template MethodDef between arguments and @ModelElement fields: [args, funcName, body, returnType]!=[body, args, returnType]
mismatch in template FieldRef between arguments and @ModelElement fields: [object]!=[object, type]
mismatch in template ThisRef between arguments and @ModelElement fields: []!=[type]
mismatch in template VarRef between arguments and @ModelElement fields: []!=[type]
mismatch in template VarDef between arguments and @ModelElement fields: [type]!=[type, name]
mismatch in template VarDef between arguments and @ModelElement fields: [type]!=[type, name]
mismatch in template MethodDef between arguments and @ModelElement fields: [args, funcName, body, returnType]!=[body, args, returnType]
mismatch in template FieldRef between arguments and @ModelElement fields: [object]!=[object, type]
mismatch in template ThisRef between arguments and @ModelElement fields: []!=[type]
mismatch in template VarDef between arguments and @ModelElement fields: [type]!=[type, name]
mismatch in template MethodDef between arguments and @ModelElement fields: [args, funcName, body, returnType]!=[body, args, returnType]
mismatch in template FieldRef between arguments and @ModelElement fields: [object]!=[object, type]
mismatch in template ThisRef between arguments and @ModelElement fields: []!=[type]
mismatch in template VarRef between arguments and @ModelElement fields: []!=[type]
mismatch in template VarDef between arguments and @ModelElement fields: [type]!=[type, name]
mismatch in template VarDef between arguments and @ModelElement fields: [type]!=[type, name]
mismatch in template VarDef between arguments and @ModelElement fields: [type]!=[type, name]
mismatch in template VarDef between arguments and @ModelElement fields: [type]!=[type, name]
mismatch in template VarDef between arguments and @ModelElement fields: [type]!=[type, name]
no model to template mapping for MethodDefVTableInfo
no model to template mapping for MethodDefVTableInfo
no model to template mapping for MethodDefVTableInfo
no model to template mapping for MethodDefVTableInfo
no model to template mapping for MethodDefVTableInfo
mismatch in template VarDef between arguments and @ModelElement fields: [type]!=[type, name]
mismatch in template VarDef between arguments and @ModelElement fields: [type]!=[type, name]
mismatch in template VarRef between arguments and @ModelElement fields: []!=[type]
mismatch in template LiteralRef between arguments and @ModelElement fields: []!=[type]
mismatch in template VarRef between arguments and @ModelElement fields: []!=[type]
mismatch in template CtorCall between arguments and @ModelElement fields: []!=[type]
mismatch in template FieldRef between arguments and @ModelElement fields: [object]!=[object, type]
mismatch in template VarRef between arguments and @ModelElement fields: []!=[type]
mismatch in template VarRef between arguments and @ModelElement fields: []!=[type]
mismatch in template FieldRef between arguments and @ModelElement fields: [object]!=[object, type]
mismatch in template VarRef between arguments and @ModelElement fields: []!=[type]
mismatch in template CtorCall between arguments and @ModelElement fields: []!=[type]
mismatch in template FieldRef between arguments and @ModelElement fields: [object]!=[object, type]
mismatch in template FieldRef between arguments and @ModelElement fields: [object]!=[object, type]
mismatch in template VarRef between arguments and @ModelElement fields: []!=[type]
mismatch in template LiteralRef between arguments and @ModelElement fields: []!=[type]
mismatch in template FieldRef between arguments and @ModelElement fields: [object]!=[object, type]
mismatch in template FieldRef between arguments and @ModelElement fields: [object]!=[object, type]
mismatch in template VarRef between arguments and @ModelElement fields: []!=[type]
mismatch in template LiteralRef between arguments and @ModelElement fields: []!=[type]
mismatch in template MethodCall between arguments and @ModelElement fields: [fptrType, args, receiver, receiverType]!=[args, receiverType, receiver, fptrType, type]
mismatch in template FieldRef between arguments and @ModelElement fields: [object]!=[object, type]
mismatch in template VarRef between arguments and @ModelElement fields: []!=[type]
mismatch in template FieldRef between arguments and @ModelElement fields: [object]!=[object, type]
mismatch in template VarRef between arguments and @ModelElement fields: []!=[type]
mismatch in template MethodCall between arguments and @ModelElement fields: [fptrType, args, receiver, receiverType]!=[args, receiverType, receiver, fptrType, type]
mismatch in template VarRef between arguments and @ModelElement fields: []!=[type]
mismatch in template VarRef between arguments and @ModelElement fields: []!=[type]
mismatch in template MethodDef between arguments and @ModelElement fields: [args, funcName, body, returnType]!=[body, args, returnType]
mismatch in template VarDef between arguments and @ModelElement fields: [type]!=[type, name]
mismatch in template MethodDef between arguments and @ModelElement fields: [args, funcName, body, returnType]!=[body, args, returnType]
mismatch in template LiteralRef between arguments and @ModelElement fields: []!=[type]
mismatch in template VarDef between arguments and @ModelElement fields: [type]!=[type, name]
no model to template mapping for MethodDefVTableInfo
no model to template mapping for MethodDefVTableInfo
mismatch in template MethodDef between arguments and @ModelElement fields: [args, funcName, body, returnType]!=[body, args, returnType]
mismatch in template VarDef between arguments and @ModelElement fields: [type]!=[type, name]
mismatch in template MethodDef between arguments and @ModelElement fields: [args, funcName, body, returnType]!=[body, args, returnType]
mismatch in template VarDef between arguments and @ModelElement fields: [type]!=[type, name]
mismatch in template VarDef between arguments and @ModelElement fields: [type]!=[type, name]
no model to template mapping for MethodDefVTableInfo
no model to template mapping for MethodDefVTableInfo
no model to template mapping for MethodDefVTableInfo
mismatch in template MethodDef between arguments and @ModelElement fields: [args, funcName, body, returnType]!=[body, args, returnType]
mismatch in template VarDef between arguments and @ModelElement fields: [type]!=[type, name]
mismatch in template MethodDef between arguments and @ModelElement fields: [args, funcName, body, returnType]!=[body, args, returnType]
mismatch in template VarDef between arguments and @ModelElement fields: [type]!=[type, name]
mismatch in template VarDef between arguments and @ModelElement fields: [type]!=[type, name]
no model to template mapping for MethodDefVTableInfo
no model to template mapping for MethodDefVTableInfo
no model to template mapping for MethodDefVTableInfo
mismatch in template VarDef between arguments and @ModelElement fields: [type]!=[type, name]
mismatch in template VarDef between arguments and @ModelElement fields: [type]!=[type, name]
mismatch in template VarRef between arguments and @ModelElement fields: []!=[type]
mismatch in template CtorCall between arguments and @ModelElement fields: []!=[type]
mismatch in template VarRef between arguments and @ModelElement fields: []!=[type]
mismatch in template VarRef between arguments and @ModelElement fields: []!=[type]
mismatch in template MethodCall between arguments and @ModelElement fields: [fptrType, args, receiver, receiverType]!=[args, receiverType, receiver, fptrType, type]
mismatch in template VarRef between arguments and @ModelElement fields: []!=[type]
mismatch in template VarRef between arguments and @ModelElement fields: []!=[type]
mismatch in template MethodCall between arguments and @ModelElement fields: [fptrType, args, receiver, receiverType]!=[args, receiverType, receiver, fptrType, type]
mismatch in template VarRef between arguments and @ModelElement fields: []!=[type]
mismatch in template LiteralRef between arguments and @ModelElement fields: []!=[type]
mismatch in template VarRef between arguments and @ModelElement fields: []!=[type]
mismatch in template MethodCall between arguments and @ModelElement fields: [fptrType, args, receiver, receiverType]!=[args, receiverType, receiver, fptrType, type]
mismatch in template VarRef between arguments and @ModelElement fields: []!=[type]
mismatch in template VarRef between arguments and @ModelElement fields: []!=[type]
mismatch in template MethodDef between arguments and @ModelElement fields: [args, funcName, body, returnType]!=[body, args, returnType]
mismatch in template VarDef between arguments and @ModelElement fields: [type]!=[type, name]
mismatch in template MethodDef between arguments and @ModelElement fields: [args, funcName, body, returnType]!=[body, args, returnType]
mismatch in template LiteralRef between arguments and @ModelElement fields: []!=[type]
mismatch in template VarDef between arguments and @ModelElement fields: [type]!=[type, name]
no model to template mapping for MethodDefVTableInfo
no model to template mapping for MethodDefVTableInfo
mismatch in template MethodDef between arguments and @ModelElement fields: [args, funcName, body, returnType]!=[body, args, returnType]
mismatch in template VarDef between arguments and @ModelElement fields: [type]!=[type, name]
mismatch in template MethodDef between arguments and @ModelElement fields: [args, funcName, body, returnType]!=[body, args, returnType]
mismatch in template VarDef between arguments and @ModelElement fields: [type]!=[type, name]
mismatch in template VarDef between arguments and @ModelElement fields: [type]!=[type, name]
no model to template mapping for MethodDefVTableInfo
no model to template mapping for MethodDefVTableInfo
no model to template mapping for MethodDefVTableInfo
mismatch in template MethodDef between arguments and @ModelElement fields: [args, funcName, body, returnType]!=[body, args, returnType]
mismatch in template VarDef between arguments and @ModelElement fields: [type]!=[type, name]
mismatch in template MethodDef between arguments and @ModelElement fields: [args, funcName, body, returnType]!=[body, args, returnType]
mismatch in template VarDef between arguments and @ModelElement fields: [type]!=[type, name]
mismatch in template VarDef between arguments and @ModelElement fields: [type]!=[type, name]
no model to template mapping for MethodDefVTableInfo
no model to template mapping for MethodDefVTableInfo
no model to template mapping for MethodDefVTableInfo
mismatch in template VarDef between arguments and @ModelElement fields: [type]!=[type, name]
mismatch in template VarDef between arguments and @ModelElement fields: [type]!=[type, name]
mismatch in template VarRef between arguments and @ModelElement fields: []!=[type]
mismatch in template CtorCall between arguments and @ModelElement fields: []!=[type]
mismatch in template VarRef between arguments and @ModelElement fields: []!=[type]
mismatch in template VarRef between arguments and @ModelElement fields: []!=[type]
mismatch in template MethodCall between arguments and @ModelElement fields: [fptrType, args, receiver, receiverType]!=[args, receiverType, receiver, fptrType, type]
mismatch in template VarRef between arguments and @ModelElement fields: []!=[type]
mismatch in template VarRef between arguments and @ModelElement fields: []!=[type]
mismatch in template MethodCall between arguments and @ModelElement fields: [fptrType, args, receiver, receiverType]!=[args, receiverType, receiver, fptrType, type]
mismatch in template VarRef between arguments and @ModelElement fields: []!=[type]
mismatch in template LiteralRef between arguments and @ModelElement fields: []!=[type]
mismatch in template VarRef between arguments and @ModelElement fields: []!=[type]
mismatch in template MethodCall between arguments and @ModelElement fields: [fptrType, args, receiver, receiverType]!=[args, receiverType, receiver, fptrType, type]
mismatch in template VarRef between arguments and @ModelElement fields: []!=[type]
mismatch in template VarRef between arguments and @ModelElement fields: []!=[type]
mismatch in template MethodDef between arguments and @ModelElement fields: [args, funcName, body, returnType]!=[body, args, returnType]
mismatch in template MethodCall between arguments and @ModelElement fields: [fptrType, args, receiver, receiverType]!=[args, receiverType, receiver, fptrType, type]
mismatch in template ThisRef between arguments and @ModelElement fields: []!=[type]
mismatch in template ThisRef between arguments and @ModelElement fields: []!=[type]
mismatch in template VarDef between arguments and @ModelElement fields: [type]!=[type, name]
mismatch in template MethodDef between arguments and @ModelElement fields: [args, funcName, body, returnType]!=[body, args, returnType]
mismatch in template LiteralRef between arguments and @ModelElement fields: []!=[type]
mismatch in template VarDef between arguments and @ModelElement fields: [type]!=[type, name]
no model to template mapping for MethodDefVTableInfo
no model to template mapping for MethodDefVTableInfo
mismatch in template MethodDef between arguments and @ModelElement fields: [args, funcName, body, returnType]!=[body, args, returnType]
mismatch in template LiteralRef between arguments and @ModelElement fields: []!=[type]
mismatch in template VarDef between arguments and @ModelElement fields: [type]!=[type, name]
no model to template mapping for MethodDefVTableInfo
no model to template mapping for MethodDefVTableInfo
mismatch in template MethodDef between arguments and @ModelElement fields: [args, funcName, body, returnType]!=[body, args, returnType]
mismatch in template LiteralRef between arguments and @ModelElement fields: []!=[type]
mismatch in template VarDef between arguments and @ModelElement fields: [type]!=[type, name]
no model to template mapping for MethodDefVTableInfo
no model to template mapping for MethodDefVTableInfo
mismatch in template VarDef between arguments and @ModelElement fields: [type]!=[type, name]
mismatch in template VarRef between arguments and @ModelElement fields: []!=[type]
mismatch in template CtorCall between arguments and @ModelElement fields: []!=[type]
mismatch in template MethodCall between arguments and @ModelElement fields: [fptrType, args, receiver, receiverType]!=[args, receiverType, receiver, fptrType, type]
mismatch in template VarRef between arguments and @ModelElement fields: []!=[type]
mismatch in template VarRef between arguments and @ModelElement fields: []!=[type]
mismatch in template MethodDef between arguments and @ModelElement fields: [args, funcName, body, returnType]!=[body, args, returnType]
mismatch in template MethodCall between arguments and @ModelElement fields: [fptrType, args, receiver, receiverType]!=[args, receiverType, receiver, fptrType, type]
mismatch in template ThisRef between arguments and @ModelElement fields: []!=[type]
mismatch in template ThisRef between arguments and @ModelElement fields: []!=[type]
mismatch in template VarDef between arguments and @ModelElement fields: [type]!=[type, name]
mismatch in template MethodDef between arguments and @ModelElement fields: [args, funcName, body, returnType]!=[body, args, returnType]
mismatch in template LiteralRef between arguments and @ModelElement fields: []!=[type]
mismatch in template VarDef between arguments and @ModelElement fields: [type]!=[type, name]
no model to template mapping for MethodDefVTableInfo
no model to template mapping for MethodDefVTableInfo
mismatch in template MethodDef between arguments and @ModelElement fields: [args, funcName, body, returnType]!=[body, args, returnType]
mismatch in template LiteralRef between arguments and @ModelElement fields: []!=[type]
mismatch in template VarDef between arguments and @ModelElement fields: [type]!=[type, name]
no model to template mapping for MethodDefVTableInfo
no model to template mapping for MethodDefVTableInfo
mismatch in template MethodDef between arguments and @ModelElement fields: [args, funcName, body, returnType]!=[body, args, returnType]
mismatch in template LiteralRef between arguments and @ModelElement fields: []!=[type]
mismatch in template VarDef between arguments and @ModelElement fields: [type]!=[type, name]
no model to template mapping for MethodDefVTableInfo
no model to template mapping for MethodDefVTableInfo
mismatch in template VarDef between arguments and @ModelElement fields: [type]!=[type, name]
mismatch in template VarRef between arguments and @ModelElement fields: []!=[type]
mismatch in template CtorCall between arguments and @ModelElement fields: []!=[type]
mismatch in template MethodCall between arguments and @ModelElement fields: [fptrType, args, receiver, receiverType]!=[args, receiverType, receiver, fptrType, type]
mismatch in template VarRef between arguments and @ModelElement fields: []!=[type]
mismatch in template VarRef between arguments and @ModelElement fields: []!=[type]
mismatch in template VarDef between arguments and @ModelElement fields: [type]!=[type, name]
mismatch in template VarRef between arguments and @ModelElement fields: []!=[type]
mismatch in template LiteralRef between arguments and @ModelElement fields: []!=[type]
mismatch in template VarRef between arguments and @ModelElement fields: []!=[type]
mismatch in template VarRef between arguments and @ModelElement fields: []!=[type]
mismatch in template LiteralRef between arguments and @ModelElement fields: []!=[type]
mismatch in template VarDef between arguments and @ModelElement fields: [type]!=[type, name]
mismatch in template VarRef between arguments and @ModelElement fields: []!=[type]
mismatch in template LiteralRef between arguments and @ModelElement fields: []!=[type]
mismatch in template VarRef between arguments and @ModelElement fields: []!=[type]
mismatch in template VarRef between arguments and @ModelElement fields: []!=[type]
mismatch in template LiteralRef between arguments and @ModelElement fields: []!=[type]
Tests run: 52, Failures: 0, Errors: 0, Skipped: 0, Time elapsed: 1.783 sec
Running cs652.j.TestExprTypes
<Employee.number:global.int>
<Mgr.level:global.int>
<Mgr.other:global.Employee>
<Coder.boss:global.Mgr>
<T.x:global.int>
<T.y:global.float>
<T.x:global.int>
<T.y:global.float>
<Animal.ID:global.int>
<Animal.ID:global.int>
<Animal.ID:global.int>
<Animal.ID:global.int>
<T.x:global.int>
<T.y:global.float>
<Animal.ID:global.int>
<Employee.ID:global.int>
<Mgr.level:global.int>
<Coder.salary:global.float>
<Coder.boss:global.Mgr>
Tests run: 26, Failures: 0, Errors: 0, Skipped: 0, Time elapsed: 0.011 sec
Running cs652.j.TestSymbolDefs
<Employee.number:global.int>
<Mgr.level:global.int>
<Mgr.other:global.Employee>
<Coder.boss:global.Mgr>
<T.x:global.int>
<T.y:global.float>
<T.x:global.int>
<T.y:global.float>
<Animal.ID:global.int>
<Animal.ID:global.int>
<Animal.ID:global.int>
<Animal.ID:global.int>
<T.x:global.int>
<T.y:global.float>
<Animal.ID:global.int>
<Employee.ID:global.int>
<Mgr.level:global.int>
<Coder.salary:global.float>
<Coder.boss:global.Mgr>
Tests run: 26, Failures: 0, Errors: 0, Skipped: 0, Time elapsed: 0.017 sec

Results :

Tests run: 104, Failures: 0, Errors: 0, Skipped: 0

[INFO] ------------------------------------------------------------------------
[INFO] BUILD SUCCESS
[INFO] ------------------------------------------------------------------------
[INFO] Total time: 4.172 s
[INFO] Finished at: 2017-04-11T14:59:06-07:00
[INFO] Final Memory: 24M/370M
[INFO] ------------------------------------------------------------------------
